#
# There is insufficient memory for the Java Runtime Environment to continue.
# Native memory allocation (malloc) failed to allocate 788896 bytes for Chunk::new
# Possible reasons:
#   The system is out of physical RAM or swap space
#   In 32 bit mode, the process size limit was hit
# Possible solutions:
#   Reduce memory load on the system
#   Increase physical memory or swap space
#   Check if swap backing store is full
#   Use 64 bit Java on a 64 bit OS
#   Decrease Java heap size (-Xmx/-Xms)
#   Decrease number of Java threads
#   Decrease Java thread stack sizes (-Xss)
#   Set larger code cache with -XX:ReservedCodeCacheSize=
# This output file may be truncated or incomplete.
#
#  Out of Memory Error (allocation.cpp:390), pid=7176, tid=0x000000000000094c
#
# JRE version: Java(TM) SE Runtime Environment (8.0_92-b14) (build 1.8.0_92-b14)
# Java VM: Java HotSpot(TM) 64-Bit Server VM (25.92-b14 mixed mode windows-amd64 compressed oops)
# Failed to write core dump. Minidumps are not enabled by default on client versions of Windows
#

---------------  T H R E A D  ---------------

Current thread (0x0000000016101800):  JavaThread "C2 CompilerThread1" daemon [_thread_in_native, id=2380, stack(0x0000000016600000,0x0000000016700000)]

Stack: [0x0000000016600000,0x0000000016700000]
[error occurred during error reporting (printing stack bounds), id 0xc0000005]

Native frames: (J=compiled Java code, j=interpreted, Vv=VM code, C=native code)


Current CompileTask:
C2:  12023 3512   !   4       java.net.URLClassLoader$1::run (63 bytes)


---------------  P R O C E S S  ---------------

Java Threads: ( => current thread )
  0x000000001617d000 JavaThread "Service Thread" daemon [_thread_blocked, id=7104, stack(0x0000000016800000,0x0000000016900000)]
  0x0000000016108000 JavaThread "C1 CompilerThread2" daemon [_thread_in_native, id=6504, stack(0x0000000016700000,0x0000000016800000)]
=>0x0000000016101800 JavaThread "C2 CompilerThread1" daemon [_thread_in_native, id=2380, stack(0x0000000016600000,0x0000000016700000)]
  0x0000000014c0e800 JavaThread "C2 CompilerThread0" daemon [_thread_in_native, id=5320, stack(0x0000000016500000,0x0000000016600000)]
  0x0000000014c0d800 JavaThread "Attach Listener" daemon [_thread_blocked, id=4916, stack(0x0000000016000000,0x0000000016100000)]
  0x0000000014c0a000 JavaThread "Signal Dispatcher" daemon [_thread_blocked, id=5420, stack(0x0000000015f00000,0x0000000016000000)]
  0x000000000262b800 JavaThread "Finalizer" daemon [_thread_blocked, id=8924, stack(0x0000000015e00000,0x0000000015f00000)]
  0x0000000002620800 JavaThread "Reference Handler" daemon [_thread_blocked, id=7788, stack(0x0000000015d00000,0x0000000015e00000)]
  0x000000000091d800 JavaThread "main" [_thread_in_native, id=6440, stack(0x0000000002430000,0x0000000002530000)]

Other Threads:
  0x0000000014b77800 VMThread [stack: 0x0000000015c00000,0x0000000015d00000] [id=5188]
  0x00000000161c9000 WatcherThread [stack: 0x0000000016900000,0x0000000016a00000] [id=6020]

VM state:not at safepoint (normal execution)

VM Mutex/Monitor currently owned by a thread: None

Heap:
 PSYoungGen      total 20480K, used 18747K [0x00000000eb600000, 0x00000000ed800000, 0x0000000100000000)
  eden space 14336K, 88% used [0x00000000eb600000,0x00000000ec252af0,0x00000000ec400000)
  from space 6144K, 99% used [0x00000000ecb00000,0x00000000ed0fc240,0x00000000ed100000)
  to   space 7168K, 0% used [0x00000000ec400000,0x00000000ec400000,0x00000000ecb00000)
 ParOldGen       total 36352K, used 10090K [0x00000000c2200000, 0x00000000c4580000, 0x00000000eb600000)
  object space 36352K, 27% used [0x00000000c2200000,0x00000000c2bdab70,0x00000000c4580000)
 Metaspace       used 22145K, capacity 22728K, committed 22960K, reserved 1069056K
  class space    used 2642K, capacity 2783K, committed 2816K, reserved 1048576K

Card table byte_map: [0x00000000119f0000,0x0000000011be0000] byte_map_base: 0x00000000113df000

Marking Bits: (ParMarkBitMap*) 0x00000000536c64f0
 Begin Bits: [0x0000000012130000, 0x00000000130a8000)
 End Bits:   [0x00000000130a8000, 0x0000000014020000)

Polling page: 0x00000000008c0000

CodeCache: size=245760Kb used=11233Kb max_used=11233Kb free=234526Kb
 bounds [0x0000000002630000, 0x0000000003140000, 0x0000000011630000]
 total_blobs=3752 nmethods=3359 adapters=305
 compilation: enabled

Compilation events (10 events):
Event: 11.917 Thread 0x0000000016108000 3536       1       com.sun.tools.javac.code.Types$13::visitType (2 bytes)
Event: 11.917 Thread 0x0000000016108000 nmethod 3536 0x0000000003131210 code [0x0000000003131360, 0x0000000003131470]
Event: 11.917 Thread 0x0000000016108000 3542       1       com.sun.tools.javac.code.Symbol$ClassSymbol::getQualifiedName (5 bytes)
Event: 11.917 Thread 0x0000000016108000 nmethod 3542 0x00000000031314d0 code [0x0000000003131620, 0x0000000003131730]
Event: 11.937 Thread 0x0000000016108000 3548       3       com.sun.tools.javac.code.Scope::dble (147 bytes)
Event: 11.937 Thread 0x0000000016108000 nmethod 3548 0x0000000003131790 code [0x00000000031319a0, 0x0000000003132488]
Event: 11.937 Thread 0x0000000016108000 3549       3       com.sun.tools.javac.code.SymbolMetadata::filterDeclSentinels (22 bytes)
Event: 11.937 Thread 0x0000000016108000 nmethod 3549 0x0000000003132a50 code [0x0000000003132bc0, 0x0000000003132e10]
Event: 11.937 Thread 0x0000000016108000 3550       3       com.sun.tools.javac.code.Types$26::visitClassType (10 bytes)
Event: 11.938 Thread 0x0000000016108000 nmethod 3550 0x0000000003132ed0 code [0x0000000003133040, 0x0000000003133388]

GC Heap History (10 events):
Event: 9.121 GC heap before
{Heap before GC invocations=9 (full 0):
 PSYoungGen      total 20480K, used 19056K [0x00000000eb600000, 0x00000000ed000000, 0x0000000100000000)
  eden space 15360K, 100% used [0x00000000eb600000,0x00000000ec500000,0x00000000ec500000)
  from space 5120K, 72% used [0x00000000ecb00000,0x00000000ece9c010,0x00000000ed000000)
  to   space 5632K, 0% used [0x00000000ec500000,0x00000000ec500000,0x00000000eca80000)
 ParOldGen       total 42496K, used 10144K [0x00000000c2200000, 0x00000000c4b80000, 0x00000000eb600000)
  object space 42496K, 23% used [0x00000000c2200000,0x00000000c2be83d0,0x00000000c4b80000)
 Metaspace       used 16419K, capacity 16868K, committed 17280K, reserved 1064960K
  class space    used 1951K, capacity 2063K, committed 2176K, reserved 1048576K
Event: 9.125 GC heap after
Heap after GC invocations=9 (full 0):
 PSYoungGen      total 20992K, used 2611K [0x00000000eb600000, 0x00000000ed100000, 0x0000000100000000)
  eden space 15360K, 0% used [0x00000000eb600000,0x00000000eb600000,0x00000000ec500000)
  from space 5632K, 46% used [0x00000000ec500000,0x00000000ec78cfe0,0x00000000eca80000)
  to   space 6144K, 0% used [0x00000000ecb00000,0x00000000ecb00000,0x00000000ed100000)
 ParOldGen       total 42496K, used 11816K [0x00000000c2200000, 0x00000000c4b80000, 0x00000000eb600000)
  object space 42496K, 27% used [0x00000000c2200000,0x00000000c2d8a3e0,0x00000000c4b80000)
 Metaspace       used 16419K, capacity 16868K, committed 17280K, reserved 1064960K
  class space    used 1951K, capacity 2063K, committed 2176K, reserved 1048576K
}
Event: 10.274 GC heap before
{Heap before GC invocations=10 (full 0):
 PSYoungGen      total 20992K, used 17971K [0x00000000eb600000, 0x00000000ed100000, 0x0000000100000000)
  eden space 15360K, 100% used [0x00000000eb600000,0x00000000ec500000,0x00000000ec500000)
  from space 5632K, 46% used [0x00000000ec500000,0x00000000ec78cfe0,0x00000000eca80000)
  to   space 6144K, 0% used [0x00000000ecb00000,0x00000000ecb00000,0x00000000ed100000)
 ParOldGen       total 42496K, used 11816K [0x00000000c2200000, 0x00000000c4b80000, 0x00000000eb600000)
  object space 42496K, 27% used [0x00000000c2200000,0x00000000c2d8a3e0,0x00000000c4b80000)
 Metaspace       used 17280K, capacity 17864K, committed 18176K, reserved 1064960K
  class space    used 2050K, capacity 2207K, committed 2304K, reserved 1048576K
Event: 10.281 GC heap after
Heap after GC invocations=10 (full 0):
 PSYoungGen      total 21504K, used 2031K [0x00000000eb600000, 0x00000000ed100000, 0x0000000100000000)
  eden space 15360K, 0% used [0x00000000eb600000,0x00000000eb600000,0x00000000ec500000)
  from space 6144K, 33% used [0x00000000ecb00000,0x00000000eccfbd58,0x00000000ed100000)
  to   space 6144K, 0% used [0x00000000ec500000,0x00000000ec500000,0x00000000ecb00000)
 ParOldGen       total 42496K, used 13312K [0x00000000c2200000, 0x00000000c4b80000, 0x00000000eb600000)
  object space 42496K, 31% used [0x00000000c2200000,0x00000000c2f003e0,0x00000000c4b80000)
 Metaspace       used 17280K, capacity 17864K, committed 18176K, reserved 1064960K
  class space    used 2050K, capacity 2207K, committed 2304K, reserved 1048576K
}
Event: 11.073 GC heap before
{Heap before GC invocations=11 (full 0):
 PSYoungGen      total 21504K, used 13099K [0x00000000eb600000, 0x00000000ed100000, 0x0000000100000000)
  eden space 15360K, 72% used [0x00000000eb600000,0x00000000ec0cf140,0x00000000ec500000)
  from space 6144K, 33% used [0x00000000ecb00000,0x00000000eccfbd58,0x00000000ed100000)
  to   space 6144K, 0% used [0x00000000ec500000,0x00000000ec500000,0x00000000ecb00000)
 ParOldGen       total 42496K, used 13312K [0x00000000c2200000, 0x00000000c4b80000, 0x00000000eb600000)
  object space 42496K, 31% used [0x00000000c2200000,0x00000000c2f003e0,0x00000000c4b80000)
 Metaspace       used 20568K, capacity 21096K, committed 21296K, reserved 1069056K
  class space    used 2492K, capacity 2623K, committed 2688K, reserved 1048576K
Event: 11.076 GC heap after
Heap after GC invocations=11 (full 0):
 PSYoungGen      total 21504K, used 1493K [0x00000000eb600000, 0x00000000ed100000, 0x0000000100000000)
  eden space 15360K, 0% used [0x00000000eb600000,0x00000000eb600000,0x00000000ec500000)
  from space 6144K, 24% used [0x00000000ec500000,0x00000000ec675610,0x00000000ecb00000)
  to   space 6144K, 0% used [0x00000000ecb00000,0x00000000ecb00000,0x00000000ed100000)
 ParOldGen       total 42496K, used 14821K [0x00000000c2200000, 0x00000000c4b80000, 0x00000000eb600000)
  object space 42496K, 34% used [0x00000000c2200000,0x00000000c3079438,0x00000000c4b80000)
 Metaspace       used 20568K, capacity 21096K, committed 21296K, reserved 1069056K
  class space    used 2492K, capacity 2623K, committed 2688K, reserved 1048576K
}
Event: 11.076 GC heap before
{Heap before GC invocations=12 (full 1):
 PSYoungGen      total 21504K, used 1493K [0x00000000eb600000, 0x00000000ed100000, 0x0000000100000000)
  eden space 15360K, 0% used [0x00000000eb600000,0x00000000eb600000,0x00000000ec500000)
  from space 6144K, 24% used [0x00000000ec500000,0x00000000ec675610,0x00000000ecb00000)
  to   space 6144K, 0% used [0x00000000ecb00000,0x00000000ecb00000,0x00000000ed100000)
 ParOldGen       total 42496K, used 14821K [0x00000000c2200000, 0x00000000c4b80000, 0x00000000eb600000)
  object space 42496K, 34% used [0x00000000c2200000,0x00000000c3079438,0x00000000c4b80000)
 Metaspace       used 20568K, capacity 21096K, committed 21296K, reserved 1069056K
  class space    used 2492K, capacity 2623K, committed 2688K, reserved 1048576K
Event: 11.141 GC heap after
Heap after GC invocations=12 (full 1):
 PSYoungGen      total 21504K, used 0K [0x00000000eb600000, 0x00000000ed100000, 0x0000000100000000)
  eden space 15360K, 0% used [0x00000000eb600000,0x00000000eb600000,0x00000000ec500000)
  from space 6144K, 0% used [0x00000000ec500000,0x00000000ec500000,0x00000000ecb00000)
  to   space 6144K, 0% used [0x00000000ecb00000,0x00000000ecb00000,0x00000000ed100000)
 ParOldGen       total 36352K, used 9280K [0x00000000c2200000, 0x00000000c4580000, 0x00000000eb600000)
  object space 36352K, 25% used [0x00000000c2200000,0x00000000c2b102d8,0x00000000c4580000)
 Metaspace       used 20568K, capacity 21096K, committed 21296K, reserved 1069056K
  class space    used 2492K, capacity 2623K, committed 2688K, reserved 1048576K
}
Event: 11.552 GC heap before
{Heap before GC invocations=13 (full 1):
 PSYoungGen      total 21504K, used 15360K [0x00000000eb600000, 0x00000000ed100000, 0x0000000100000000)
  eden space 15360K, 100% used [0x00000000eb600000,0x00000000ec500000,0x00000000ec500000)
  from space 6144K, 0% used [0x00000000ec500000,0x00000000ec500000,0x00000000ecb00000)
  to   space 6144K, 0% used [0x00000000ecb00000,0x00000000ecb00000,0x00000000ed100000)
 ParOldGen       total 36352K, used 9280K [0x00000000c2200000, 0x00000000c4580000, 0x00000000eb600000)
  object space 36352K, 25% used [0x00000000c2200000,0x00000000c2b102d8,0x00000000c4580000)
 Metaspace       used 21128K, capacity 21640K, committed 21808K, reserved 1069056K
  class space    used 2532K, capacity 2655K, committed 2688K, reserved 1048576K
Event: 11.556 GC heap after
Heap after GC invocations=13 (full 1):
 PSYoungGen      total 20480K, used 6128K [0x00000000eb600000, 0x00000000ed800000, 0x0000000100000000)
  eden space 14336K, 0% used [0x00000000eb600000,0x00000000eb600000,0x00000000ec400000)
  from space 6144K, 99% used [0x00000000ecb00000,0x00000000ed0fc240,0x00000000ed100000)
  to   space 7168K, 0% used [0x00000000ec400000,0x00000000ec400000,0x00000000ecb00000)
 ParOldGen       total 36352K, used 10090K [0x00000000c2200000, 0x00000000c4580000, 0x00000000eb600000)
  object space 36352K, 27% used [0x00000000c2200000,0x00000000c2bdab70,0x00000000c4580000)
 Metaspace       used 21128K, capacity 21640K, committed 21808K, reserved 1069056K
  class space    used 2532K, capacity 2655K, committed 2688K, reserved 1048576K
}

Deoptimization events (10 events):
Event: 11.306 Thread 0x000000000091d800 Uncommon trap: reason=unstable_if action=reinterpret pc=0x00000000027665f4 method=java.util.jar.Attributes$Name.isDigit(C)Z @ 3
Event: 11.485 Thread 0x000000000091d800 Uncommon trap: reason=unstable_if action=reinterpret pc=0x0000000002c3ecdc method=java.util.LinkedHashMap.afterNodeInsertion(Z)V @ 18
Event: 11.637 Thread 0x000000000091d800 Uncommon trap: reason=unstable_if action=reinterpret pc=0x00000000027e33b0 method=com.sun.tools.javac.util.Name$Table.equals([BI[BII)Z @ 22
Event: 11.666 Thread 0x000000000091d800 Uncommon trap: reason=unstable_if action=reinterpret pc=0x00000000030585dc method=com.sun.tools.javac.util.SharedNameTable.fromUtf([BII)Lcom/sun/tools/javac/util/Name; @ 55
Event: 11.708 Thread 0x000000000091d800 Uncommon trap: reason=bimorphic action=maybe_recompile pc=0x000000000307c78c method=com.sun.tools.javac.code.Scope.lookup(Lcom/sun/tools/javac/util/Name;Lcom/sun/tools/javac/util/Filter;)Lcom/sun/tools/javac/code/Scope$Entry; @ 49
Event: 11.709 Thread 0x000000000091d800 Uncommon trap: reason=bimorphic action=maybe_recompile pc=0x000000000307c78c method=com.sun.tools.javac.code.Scope.lookup(Lcom/sun/tools/javac/util/Name;Lcom/sun/tools/javac/util/Filter;)Lcom/sun/tools/javac/code/Scope$Entry; @ 49
Event: 11.710 Thread 0x000000000091d800 Uncommon trap: reason=bimorphic action=maybe_recompile pc=0x000000000307c78c method=com.sun.tools.javac.code.Scope.lookup(Lcom/sun/tools/javac/util/Name;Lcom/sun/tools/javac/util/Filter;)Lcom/sun/tools/javac/code/Scope$Entry; @ 49
Event: 11.710 Thread 0x000000000091d800 Uncommon trap: reason=bimorphic action=maybe_recompile pc=0x000000000307c78c method=com.sun.tools.javac.code.Scope.lookup(Lcom/sun/tools/javac/util/Name;Lcom/sun/tools/javac/util/Filter;)Lcom/sun/tools/javac/code/Scope$Entry; @ 49
Event: 11.853 Thread 0x000000000091d800 Uncommon trap: reason=unstable_if action=reinterpret pc=0x00000000030bf280 method=com.sun.tools.javac.util.ArrayUtils.ensureCapacity([BI)[B @ 3
Event: 11.868 Thread 0x000000000091d800 Uncommon trap: reason=unstable_if action=reinterpret pc=0x00000000030d1ccc method=com.sun.tools.javac.code.Scope.lookup(Lcom/sun/tools/javac/util/Name;Lcom/sun/tools/javac/util/Filter;)Lcom/sun/tools/javac/code/Scope$Entry; @ 19

Internal exceptions (10 events):
Event: 4.637 Thread 0x000000000091d800 Exception <a 'java/lang/NullPointerException'> (0x00000000eb834de0) thrown at [D:\re\workspace\8-2-build-windows-amd64-cygwin\jdk8u92\6642\hotspot\src\share\vm\interpreter\linkResolver.cpp, line 1178]
Event: 4.637 Thread 0x000000000091d800 Exception <a 'java/lang/NullPointerException'> (0x00000000eb83cf08) thrown at [D:\re\workspace\8-2-build-windows-amd64-cygwin\jdk8u92\6642\hotspot\src\share\vm\interpreter\linkResolver.cpp, line 1178]
Event: 4.637 Thread 0x000000000091d800 Exception <a 'java/lang/NullPointerException'> (0x00000000eb83d120) thrown at [D:\re\workspace\8-2-build-windows-amd64-cygwin\jdk8u92\6642\hotspot\src\share\vm\interpreter\linkResolver.cpp, line 1178]
Event: 4.637 Thread 0x000000000091d800 Exception <a 'java/lang/NullPointerException'> (0x00000000eb83d338) thrown at [D:\re\workspace\8-2-build-windows-amd64-cygwin\jdk8u92\6642\hotspot\src\share\vm\interpreter\linkResolver.cpp, line 1178]
Event: 5.749 Thread 0x000000000091d800 Implicit null exception at 0x0000000002c2dfaf to 0x0000000002c2e1f1
Event: 6.335 Thread 0x000000000091d800 Implicit null exception at 0x00000000029b0a55 to 0x00000000029b0c2d
Event: 6.336 Thread 0x000000000091d800 Implicit null exception at 0x00000000029ae72f to 0x00000000029ae799
Event: 10.085 Thread 0x000000000091d800 Exception <a 'java/lang/ClassNotFoundException': com/sun/tools/javac/api/JavacTool> (0x00000000ec3fea60) thrown at [D:\re\workspace\8-2-build-windows-amd64-cygwin\jdk8u92\6642\hotspot\src\share\vm\classfile\systemDictionary.cpp, line 210]
Event: 11.430 Thread 0x000000000091d800 Exception <a 'java/io/FileNotFoundException'> (0x00000000ebc2c818) thrown at [D:\re\workspace\8-2-build-windows-amd64-cygwin\jdk8u92\6642\hotspot\src\share\vm\prims\jni.cpp, line 709]
Event: 11.451 Thread 0x000000000091d800 Exception <a 'java/io/FileNotFoundException'> (0x00000000ebc60298) thrown at [D:\re\workspace\8-2-build-windows-amd64-cygwin\jdk8u92\6642\hotspot\src\share\vm\prims\jni.cpp, line 709]

Events (10 events):
Event: 11.908 loading class com/sun/tools/javac/code/Types$DescriptorFilter
Event: 11.908 loading class com/sun/tools/javac/code/Types$DescriptorFilter done
Event: 11.908 loading class com/sun/tools/javac/code/Types$MethodFilter
Event: 11.908 loading class com/sun/tools/javac/code/Types$MethodFilter done
Event: 11.909 loading class com/sun/tools/javac/code/Kinds
Event: 11.909 loading class com/sun/tools/javac/code/Kinds done
Event: 11.909 loading class com/sun/tools/javac/code/Kinds$1
Event: 11.909 loading class com/sun/tools/javac/code/Kinds$1 done
Event: 11.909 loading class com/sun/tools/javac/code/Kinds$KindName
Event: 11.909 loading class com/sun/tools/javac/code/Kinds$KindName done


Dynamic libraries:
0x00007ff773370000 - 0x00007ff7733a7000 	C:\Java\jdk8u92\bin\java.exe
0x00007ff9a2680000 - 0x00007ff9a2842000 	C:\Windows\SYSTEM32\ntdll.dll
0x00007ff9a2520000 - 0x00007ff9a25cd000 	C:\Windows\system32\KERNEL32.DLL
0x00007ff99fb00000 - 0x00007ff99fcdd000 	C:\Windows\system32\KERNELBASE.dll
0x00007ff9a23f0000 - 0x00007ff9a2496000 	C:\Windows\system32\ADVAPI32.dll
0x00007ff9a06c0000 - 0x00007ff9a075d000 	C:\Windows\system32\msvcrt.dll
0x00007ff9a2330000 - 0x00007ff9a238b000 	C:\Windows\system32\sechost.dll
0x00007ff9a0590000 - 0x00007ff9a06b6000 	C:\Windows\system32\RPCRT4.dll
0x00007ff9a0a20000 - 0x00007ff9a0b6e000 	C:\Windows\system32\USER32.dll
0x00007ff9a0c60000 - 0x00007ff9a0de4000 	C:\Windows\system32\GDI32.dll
0x00007ff994ab0000 - 0x00007ff994d24000 	C:\Windows\WinSxS\amd64_microsoft.windows.common-controls_6595b64144ccf1df_6.0.10240.17184_none_f41d7a705752bce6\COMCTL32.dll
0x00007ff9a01d0000 - 0x00007ff9a0206000 	C:\Windows\system32\IMM32.DLL
0x00007ff9a0760000 - 0x00007ff9a08bc000 	C:\Windows\system32\MSCTF.dll
0x0000000052dd0000 - 0x0000000052ea2000 	C:\Java\jdk8u92\jre\bin\msvcr100.dll
0x0000000052eb0000 - 0x0000000053746000 	C:\Java\jdk8u92\jre\bin\server\jvm.dll
0x00007ff9a0a10000 - 0x00007ff9a0a18000 	C:\Windows\system32\PSAPI.DLL
0x00007ff99d6b0000 - 0x00007ff99d6b9000 	C:\Windows\SYSTEM32\WSOCK32.dll
0x00007ff99ced0000 - 0x00007ff99cef3000 	C:\Windows\SYSTEM32\WINMM.dll
0x00007ff9962d0000 - 0x00007ff9962da000 	C:\Windows\SYSTEM32\VERSION.dll
0x00007ff9a0b70000 - 0x00007ff9a0bd9000 	C:\Windows\system32\WS2_32.dll
0x00007ff9a0c50000 - 0x00007ff9a0c58000 	C:\Windows\system32\NSI.dll
0x00007ff99cea0000 - 0x00007ff99cecc000 	C:\Windows\SYSTEM32\WINMMBASE.dll
0x00007ff99fab0000 - 0x00007ff99faf4000 	C:\Windows\system32\cfgmgr32.dll
0x00007ff99d980000 - 0x00007ff99d9a7000 	C:\Windows\SYSTEM32\DEVOBJ.dll
0x0000000053ee0000 - 0x0000000053eef000 	C:\Java\jdk8u92\jre\bin\verify.dll
0x0000000053eb0000 - 0x0000000053ed9000 	C:\Java\jdk8u92\jre\bin\java.dll
0x0000000053e90000 - 0x0000000053ea6000 	C:\Java\jdk8u92\jre\bin\zip.dll
0x00007ff9a0e00000 - 0x00007ff9a2323000 	C:\Windows\system32\SHELL32.dll
0x00007ff99f3c0000 - 0x00007ff99f9e9000 	C:\Windows\system32\windows.storage.dll
0x00007ff99fda0000 - 0x00007ff9a001c000 	C:\Windows\system32\combase.dll
0x00007ff99fd40000 - 0x00007ff99fd91000 	C:\Windows\system32\shlwapi.dll
0x00007ff99f110000 - 0x00007ff99f11f000 	C:\Windows\system32\kernel.appcore.dll
0x00007ff99f9f0000 - 0x00007ff99faa3000 	C:\Windows\system32\shcore.dll
0x00007ff99f0c0000 - 0x00007ff99f10a000 	C:\Windows\system32\powrprof.dll
0x00007ff99f0a0000 - 0x00007ff99f0b3000 	C:\Windows\system32\profapi.dll
0x00007ff979bd0000 - 0x00007ff979bda000 	C:\Java\NetBeans12\netbeans\java\maven\lib\jansi-native\windows64\jansi.dll
0x0000000052db0000 - 0x0000000052dca000 	C:\Java\jdk8u92\jre\bin\net.dll
0x00007ff99e8b0000 - 0x00007ff99e90d000 	C:\Windows\system32\mswsock.dll
0x0000000052d90000 - 0x0000000052da1000 	C:\Java\jdk8u92\jre\bin\nio.dll

VM Arguments:
jvm_args: -Dclassworlds.conf=C:\Java\NetBeans12\netbeans\java\maven\bin\..\bin\m2.conf -Dmaven.home=C:\Java\NetBeans12\netbeans\java\maven\bin\.. -Dlibrary.jansi.path=C:\Java\NetBeans12\netbeans\java\maven\bin\..\lib\jansi-native -Dmaven.multiModuleProjectDirectory=D:\JH-DASH\others\SCH0252Q 
java_command: org.codehaus.plexus.classworlds.launcher.Launcher -Dmaven.ext.class.path=C:\Java\NetBeans12\netbeans\java\maven-nblib\netbeans-eventspy.jar clean install
java_class_path (initial): C:\Java\NetBeans12\netbeans\java\maven\bin\..\boot\plexus-classworlds-2.6.0.jar
Launcher Type: SUN_STANDARD

Environment Variables:
JAVA_HOME=C:\Java\jdk8u92
CLASSPATH=C:\Ora9iDS2\jlib\bigraphbean.jar;C:\Ora9iDS2\jlib\LW_PfjBean.jar;C:\Ora9iDS2\jlib\bigraphbean-nls.zip
PATH=C:\Java\jdk8u92\bin;C:\apache-maven-3.6.3\bin;C:\ProgramData\Oracle\Java\javapath;C:\Users\jay\AppData\Roaming\npm;C:\Program Files (x86)\Common Files\NetSarang;C:\app\client\product\12.1.0\client_1\bin;C:\orant\bin;C:\Ora9iDS2\jdk\jre\bin\classic;C:\Ora9iDS2\jdk\jre\bin;C:\Ora9iDS2\bin;C:\Ora9iDS2\jlib;C:\Program Files (x86)\Oracle\jre\1.1.8\bin;C:\Program Files (x86)\Oracle\jre\1.3.1\bin;C:\Ora10gR2\jdk\jre\bin\classic;C:\Ora10gR2\jdk\jre\bin;C:\Ora10gR2\jdk\jre\bin\client;C:\Ora10gR2\jlib;C:\Ora10gR2\bin;C:\Ora10gR2\jre\1.4.2\bin\client;C:\Ora10gR2\jre\1.4.2\bin;C:\Program Files (x86)\Intel\iCLS Client\;C:\Program Files\Intel\iCLS Client\;C:\Windows\system32;C:\Windows;C:\Windows\System32\Wbem;C:\Windows\System32\WindowsPowerShell\v1.0\;C:\Program Files (x86)\Intel\Intel(R) Management Engine Components\DAL;C:\Program Files\Intel\Intel(R) Management Engine Components\DAL;C:\Program Files (x86)\Intel\Intel(R) Management Engine Components\IPT;C:\Program Files\Intel\Intel(R) Management Engine Components\IPT;C:\Program Files\EmEditor;C:\orant\jdk\bin;C:\Program Files (x86)\Skype\Phone\;C:\Program Files\nodejs\;;C:\Users\jay\AppData\Local\Programs\Microsoft VS Code\bin
USERNAME=jay
OS=Windows_NT
PROCESSOR_IDENTIFIER=Intel64 Family 6 Model 58 Stepping 9, GenuineIntel



---------------  S Y S T E M  ---------------

OS: Windows 10.0 , 64 bit Build 10240 (10.0.10240.17113)

CPU:total 4 (4 cores per cpu, 1 threads per core) family 6 model 58 stepping 9, cmov, cx8, fxsr, mmx, sse, sse2, sse3, ssse3, sse4.1, sse4.2, popcnt, avx, aes, clmul, erms, tsc, tscinvbit, tscinv

Memory: 4k page, physical 4053924k(211376k free), swap 8248228k(5144k free)

vm_info: Java HotSpot(TM) 64-Bit Server VM (25.92-b14) for windows-amd64 JRE (1.8.0_92-b14), built on Mar 31 2016 21:03:04 by "java_re" with MS VC++ 10.0 (VS2010)

time: Thu Jan 05 16:23:44 2023
elapsed time: 12 seconds (0d 0h 0m 12s)

