#
# There is insufficient memory for the Java Runtime Environment to continue.
# Native memory allocation (malloc) failed to allocate 725536 bytes for Chunk::new
# Possible reasons:
#   The system is out of physical RAM or swap space
#   In 32 bit mode, the process size limit was hit
# Possible solutions:
#   Reduce memory load on the system
#   Increase physical memory or swap space
#   Check if swap backing store is full
#   Use 64 bit Java on a 64 bit OS
#   Decrease Java heap size (-Xmx/-Xms)
#   Decrease number of Java threads
#   Decrease Java thread stack sizes (-Xss)
#   Set larger code cache with -XX:ReservedCodeCacheSize=
# This output file may be truncated or incomplete.
#
#  Out of Memory Error (allocation.cpp:390), pid=7736, tid=0x0000000000001ce8
#
# JRE version: Java(TM) SE Runtime Environment (8.0_92-b14) (build 1.8.0_92-b14)
# Java VM: Java HotSpot(TM) 64-Bit Server VM (25.92-b14 mixed mode windows-amd64 compressed oops)
# Failed to write core dump. Minidumps are not enabled by default on client versions of Windows
#

---------------  T H R E A D  ---------------

Current thread (0x0000000014c7d800):  JavaThread "C2 CompilerThread0" daemon [_thread_in_native, id=7400, stack(0x00000000161d0000,0x00000000162d0000)]

Stack: [0x00000000161d0000,0x00000000162d0000]
[error occurred during error reporting (printing stack bounds), id 0xc0000005]

Native frames: (J=compiled Java code, j=interpreted, Vv=VM code, C=native code)


Current CompileTask:
C2:  11886 3336   !   4       java.net.URL::<init> (543 bytes)


---------------  P R O C E S S  ---------------

Java Threads: ( => current thread )
  0x0000000016353000 JavaThread "Service Thread" daemon [_thread_blocked, id=5572, stack(0x00000000168d0000,0x00000000169d0000)]
  0x00000000162d7000 JavaThread "C1 CompilerThread2" daemon [_thread_blocked, id=7640, stack(0x00000000167d0000,0x00000000168d0000)]
  0x00000000162d1000 JavaThread "C2 CompilerThread1" daemon [_thread_in_native, id=1036, stack(0x00000000166d0000,0x00000000167d0000)]
=>0x0000000014c7d800 JavaThread "C2 CompilerThread0" daemon [_thread_in_native, id=7400, stack(0x00000000161d0000,0x00000000162d0000)]
  0x0000000014c7c800 JavaThread "Attach Listener" daemon [_thread_blocked, id=4540, stack(0x00000000160d0000,0x00000000161d0000)]
  0x0000000014c7b000 JavaThread "Signal Dispatcher" daemon [_thread_blocked, id=9104, stack(0x0000000015fd0000,0x00000000160d0000)]
  0x0000000014c0a800 JavaThread "Finalizer" daemon [_thread_blocked, id=8400, stack(0x0000000015e70000,0x0000000015f70000)]
  0x0000000002692800 JavaThread "Reference Handler" daemon [_thread_blocked, id=2016, stack(0x0000000015d70000,0x0000000015e70000)]
  0x000000000222d800 JavaThread "main" [_thread_in_vm, id=8112, stack(0x00000000020c0000,0x00000000021c0000)]

Other Threads:
  0x0000000014be7000 VMThread [stack: 0x0000000015c70000,0x0000000015d70000] [id=8328]
  0x0000000016393000 WatcherThread [stack: 0x00000000169d0000,0x0000000016ad0000] [id=8796]

VM state:not at safepoint (normal execution)

VM Mutex/Monitor currently owned by a thread: None

Heap:
 PSYoungGen      total 68096K, used 25150K [0x00000000eb600000, 0x00000000f0100000, 0x0000000100000000)
  eden space 61440K, 40% used [0x00000000eb600000,0x00000000ece8fa90,0x00000000ef200000)
  from space 6656K, 0% used [0x00000000ef400000,0x00000000ef400000,0x00000000efa80000)
  to   space 6656K, 0% used [0x00000000efa80000,0x00000000efa80000,0x00000000f0100000)
 ParOldGen       total 37888K, used 12068K [0x00000000c2200000, 0x00000000c4700000, 0x00000000eb600000)
  object space 37888K, 31% used [0x00000000c2200000,0x00000000c2dc9278,0x00000000c4700000)
 Metaspace       used 21695K, capacity 22216K, committed 22448K, reserved 1069056K
  class space    used 2586K, capacity 2719K, committed 2816K, reserved 1048576K

Card table byte_map: [0x0000000011a60000,0x0000000011c50000] byte_map_base: 0x000000001144f000

Marking Bits: (ParMarkBitMap*) 0x00000000536c64f0
 Begin Bits: [0x00000000121a0000, 0x0000000013118000)
 End Bits:   [0x0000000013118000, 0x0000000014090000)

Polling page: 0x0000000000920000

CodeCache: size=245760Kb used=11328Kb max_used=11328Kb free=234431Kb
 bounds [0x00000000026a0000, 0x00000000031c0000, 0x00000000116a0000]
 total_blobs=3790 nmethods=3399 adapters=303
 compilation: enabled

Compilation events (10 events):
Event: 11.879 Thread 0x00000000162d7000 3404       3       com.sun.tools.javac.code.Type$MethodType::accept (9 bytes)
Event: 11.880 Thread 0x00000000162d7000 nmethod 3404 0x00000000031b9350 code [0x00000000031b94c0, 0x00000000031b96e8]
Event: 11.880 Thread 0x00000000162d7000 3400       3       com.sun.tools.javac.code.Types$Subst::subst (21 bytes)
Event: 11.880 Thread 0x00000000162d7000 nmethod 3400 0x00000000031b97d0 code [0x00000000031b9960, 0x00000000031b9da8]
Event: 11.880 Thread 0x00000000162d7000 3406       3       com.sun.tools.javac.code.Types$16::apply (9 bytes)
Event: 11.880 Thread 0x00000000162d7000 nmethod 3406 0x00000000031b9f10 code [0x00000000031ba0e0, 0x00000000031ba948]
Event: 11.880 Thread 0x00000000162d7000 3407       3       com.sun.tools.javac.tree.JCTree$JCClassDecl::getTag (4 bytes)
Event: 11.880 Thread 0x00000000162d7000 nmethod 3407 0x00000000031bad50 code [0x00000000031baea0, 0x00000000031baff0]
Event: 11.880 Thread 0x00000000162d7000 3403       1       com.sun.tools.javac.code.Type::isPartial (2 bytes)
Event: 11.880 Thread 0x00000000162d7000 nmethod 3403 0x00000000031bb090 code [0x00000000031bb1e0, 0x00000000031bb2f0]

GC Heap History (10 events):
Event: 0.927 GC heap before
{Heap before GC invocations=4 (full 0):
 PSYoungGen      total 18432K, used 18426K [0x00000000eb600000, 0x00000000eda00000, 0x0000000100000000)
  eden space 15872K, 100% used [0x00000000eb600000,0x00000000ec580000,0x00000000ec580000)
  from space 2560K, 99% used [0x00000000ec580000,0x00000000ec7febb8,0x00000000ec800000)
  to   space 2560K, 0% used [0x00000000ed780000,0x00000000ed780000,0x00000000eda00000)
 ParOldGen       total 42496K, used 3703K [0x00000000c2200000, 0x00000000c4b80000, 0x00000000eb600000)
  object space 42496K, 8% used [0x00000000c2200000,0x00000000c259df78,0x00000000c4b80000)
 Metaspace       used 11422K, capacity 11644K, committed 11776K, reserved 1058816K
  class space    used 1410K, capacity 1511K, committed 1536K, reserved 1048576K
Event: 0.930 GC heap after
Heap after GC invocations=4 (full 0):
 PSYoungGen      total 34304K, used 2541K [0x00000000eb600000, 0x00000000eda00000, 0x0000000100000000)
  eden space 31744K, 0% used [0x00000000eb600000,0x00000000eb600000,0x00000000ed500000)
  from space 2560K, 99% used [0x00000000ed780000,0x00000000ed9fb640,0x00000000eda00000)
  to   space 2560K, 0% used [0x00000000ed500000,0x00000000ed500000,0x00000000ed780000)
 ParOldGen       total 42496K, used 5962K [0x00000000c2200000, 0x00000000c4b80000, 0x00000000eb600000)
  object space 42496K, 14% used [0x00000000c2200000,0x00000000c27d2a58,0x00000000c4b80000)
 Metaspace       used 11422K, capacity 11644K, committed 11776K, reserved 1058816K
  class space    used 1410K, capacity 1511K, committed 1536K, reserved 1048576K
}
Event: 2.082 GC heap before
{Heap before GC invocations=5 (full 0):
 PSYoungGen      total 34304K, used 34285K [0x00000000eb600000, 0x00000000eda00000, 0x0000000100000000)
  eden space 31744K, 100% used [0x00000000eb600000,0x00000000ed500000,0x00000000ed500000)
  from space 2560K, 99% used [0x00000000ed780000,0x00000000ed9fb640,0x00000000eda00000)
  to   space 2560K, 0% used [0x00000000ed500000,0x00000000ed500000,0x00000000ed780000)
 ParOldGen       total 42496K, used 5962K [0x00000000c2200000, 0x00000000c4b80000, 0x00000000eb600000)
  object space 42496K, 14% used [0x00000000c2200000,0x00000000c27d2a58,0x00000000c4b80000)
 Metaspace       used 15124K, capacity 15490K, committed 15872K, reserved 1062912K
  class space    used 1837K, capacity 1948K, committed 2048K, reserved 1048576K
Event: 2.088 GC heap after
Heap after GC invocations=5 (full 0):
 PSYoungGen      total 34304K, used 2541K [0x00000000eb600000, 0x00000000f0200000, 0x0000000100000000)
  eden space 31744K, 0% used [0x00000000eb600000,0x00000000eb600000,0x00000000ed500000)
  from space 2560K, 99% used [0x00000000ed500000,0x00000000ed77b640,0x00000000ed780000)
  to   space 7168K, 0% used [0x00000000efb00000,0x00000000efb00000,0x00000000f0200000)
 ParOldGen       total 42496K, used 10500K [0x00000000c2200000, 0x00000000c4b80000, 0x00000000eb600000)
  object space 42496K, 24% used [0x00000000c2200000,0x00000000c2c41198,0x00000000c4b80000)
 Metaspace       used 15124K, capacity 15490K, committed 15872K, reserved 1062912K
  class space    used 1837K, capacity 1948K, committed 2048K, reserved 1048576K
}
Event: 3.630 GC heap before
{Heap before GC invocations=6 (full 0):
 PSYoungGen      total 34304K, used 34285K [0x00000000eb600000, 0x00000000f0200000, 0x0000000100000000)
  eden space 31744K, 100% used [0x00000000eb600000,0x00000000ed500000,0x00000000ed500000)
  from space 2560K, 99% used [0x00000000ed500000,0x00000000ed77b640,0x00000000ed780000)
  to   space 7168K, 0% used [0x00000000efb00000,0x00000000efb00000,0x00000000f0200000)
 ParOldGen       total 42496K, used 10500K [0x00000000c2200000, 0x00000000c4b80000, 0x00000000eb600000)
  object space 42496K, 24% used [0x00000000c2200000,0x00000000c2c41198,0x00000000c4b80000)
 Metaspace       used 16112K, capacity 16606K, committed 16768K, reserved 1064960K
  class space    used 1934K, capacity 2062K, committed 2176K, reserved 1048576K
Event: 3.636 GC heap after
Heap after GC invocations=6 (full 0):
 PSYoungGen      total 70656K, used 5071K [0x00000000eb600000, 0x00000000f0200000, 0x0000000100000000)
  eden space 63488K, 0% used [0x00000000eb600000,0x00000000eb600000,0x00000000ef400000)
  from space 7168K, 70% used [0x00000000efb00000,0x00000000efff3e68,0x00000000f0200000)
  to   space 7168K, 0% used [0x00000000ef400000,0x00000000ef400000,0x00000000efb00000)
 ParOldGen       total 42496K, used 10508K [0x00000000c2200000, 0x00000000c4b80000, 0x00000000eb600000)
  object space 42496K, 24% used [0x00000000c2200000,0x00000000c2c43198,0x00000000c4b80000)
 Metaspace       used 16112K, capacity 16606K, committed 16768K, reserved 1064960K
  class space    used 1934K, capacity 2062K, committed 2176K, reserved 1048576K
}
Event: 10.612 GC heap before
{Heap before GC invocations=7 (full 0):
 PSYoungGen      total 70656K, used 45679K [0x00000000eb600000, 0x00000000f0200000, 0x0000000100000000)
  eden space 63488K, 63% used [0x00000000eb600000,0x00000000edda8160,0x00000000ef400000)
  from space 7168K, 70% used [0x00000000efb00000,0x00000000efff3e68,0x00000000f0200000)
  to   space 7168K, 0% used [0x00000000ef400000,0x00000000ef400000,0x00000000efb00000)
 ParOldGen       total 42496K, used 10508K [0x00000000c2200000, 0x00000000c4b80000, 0x00000000eb600000)
  object space 42496K, 24% used [0x00000000c2200000,0x00000000c2c43198,0x00000000c4b80000)
 Metaspace       used 20562K, capacity 21096K, committed 21296K, reserved 1069056K
  class space    used 2489K, capacity 2623K, committed 2688K, reserved 1048576K
Event: 10.623 GC heap after
Heap after GC invocations=7 (full 0):
 PSYoungGen      total 68096K, used 6577K [0x00000000eb600000, 0x00000000f0100000, 0x0000000100000000)
  eden space 61440K, 0% used [0x00000000eb600000,0x00000000eb600000,0x00000000ef200000)
  from space 6656K, 98% used [0x00000000ef400000,0x00000000efa6c658,0x00000000efa80000)
  to   space 6656K, 0% used [0x00000000efa80000,0x00000000efa80000,0x00000000f0100000)
 ParOldGen       total 42496K, used 11574K [0x00000000c2200000, 0x00000000c4b80000, 0x00000000eb600000)
  object space 42496K, 27% used [0x00000000c2200000,0x00000000c2d4d818,0x00000000c4b80000)
 Metaspace       used 20562K, capacity 21096K, committed 21296K, reserved 1069056K
  class space    used 2489K, capacity 2623K, committed 2688K, reserved 1048576K
}
Event: 10.623 GC heap before
{Heap before GC invocations=8 (full 1):
 PSYoungGen      total 68096K, used 6577K [0x00000000eb600000, 0x00000000f0100000, 0x0000000100000000)
  eden space 61440K, 0% used [0x00000000eb600000,0x00000000eb600000,0x00000000ef200000)
  from space 6656K, 98% used [0x00000000ef400000,0x00000000efa6c658,0x00000000efa80000)
  to   space 6656K, 0% used [0x00000000efa80000,0x00000000efa80000,0x00000000f0100000)
 ParOldGen       total 42496K, used 11574K [0x00000000c2200000, 0x00000000c4b80000, 0x00000000eb600000)
  object space 42496K, 27% used [0x00000000c2200000,0x00000000c2d4d818,0x00000000c4b80000)
 Metaspace       used 20562K, capacity 21096K, committed 21296K, reserved 1069056K
  class space    used 2489K, capacity 2623K, committed 2688K, reserved 1048576K
Event: 10.663 GC heap after
Heap after GC invocations=8 (full 1):
 PSYoungGen      total 68096K, used 0K [0x00000000eb600000, 0x00000000f0100000, 0x0000000100000000)
  eden space 61440K, 0% used [0x00000000eb600000,0x00000000eb600000,0x00000000ef200000)
  from space 6656K, 0% used [0x00000000ef400000,0x00000000ef400000,0x00000000efa80000)
  to   space 6656K, 0% used [0x00000000efa80000,0x00000000efa80000,0x00000000f0100000)
 ParOldGen       total 37888K, used 12068K [0x00000000c2200000, 0x00000000c4700000, 0x00000000eb600000)
  object space 37888K, 31% used [0x00000000c2200000,0x00000000c2dc9278,0x00000000c4700000)
 Metaspace       used 20562K, capacity 21096K, committed 21296K, reserved 1069056K
  class space    used 2489K, capacity 2623K, committed 2688K, reserved 1048576K
}

Deoptimization events (10 events):
Event: 10.285 Thread 0x000000000222d800 Uncommon trap: reason=unstable_if action=reinterpret pc=0x0000000002a45930 method=java.util.jar.Manifest$FastInputStream.readLine([BII)I @ 87
Event: 10.500 Thread 0x000000000222d800 Uncommon trap: reason=unstable_if action=reinterpret pc=0x0000000002a18b84 method=java.io.WinNTFileSystem.normalize(Ljava/lang/String;II)Ljava/lang/String; @ 90
Event: 10.500 Thread 0x000000000222d800 Uncommon trap: reason=class_check action=maybe_recompile pc=0x0000000002882fdc method=sun.misc.URLClassPath.getLoader(I)Lsun/misc/URLClassPath$Loader; @ 94
Event: 10.512 Thread 0x000000000222d800 Uncommon trap: reason=unstable_if action=reinterpret pc=0x0000000002ddb1bc method=sun.misc.URLClassPath$JarLoader.getResource(Ljava/lang/String;Z)Lsun/misc/Resource; @ 62
Event: 10.513 Thread 0x000000000222d800 Uncommon trap: reason=class_check action=maybe_recompile pc=0x0000000002882fdc method=sun.misc.URLClassPath.getLoader(I)Lsun/misc/URLClassPath$Loader; @ 94
Event: 10.611 Thread 0x000000000222d800 Uncommon trap: reason=bimorphic action=maybe_recompile pc=0x0000000002f8ebe8 method=java.util.regex.Matcher.match(II)Z @ 86
Event: 10.870 Thread 0x000000000222d800 Uncommon trap: reason=unstable_if action=reinterpret pc=0x00000000027dcd40 method=java.lang.CharacterData.of(I)Ljava/lang/CharacterData; @ 4
Event: 11.476 Thread 0x000000000222d800 Uncommon trap: reason=unstable_if action=reinterpret pc=0x0000000002c9639c method=java.util.LinkedHashMap.afterNodeInsertion(Z)V @ 18
Event: 11.623 Thread 0x000000000222d800 Uncommon trap: reason=unstable_if action=reinterpret pc=0x00000000031187b0 method=com.sun.tools.javac.util.Name$Table.equals([BI[BII)Z @ 22
Event: 11.694 Thread 0x000000000222d800 Uncommon trap: reason=unstable_if action=reinterpret pc=0x000000000315be70 method=com.sun.tools.javac.util.SharedNameTable.fromUtf([BII)Lcom/sun/tools/javac/util/Name; @ 55

Internal exceptions (10 events):
Event: 1.266 Thread 0x000000000222d800 Exception <a 'java/lang/NullPointerException'> (0x00000000ec7c2a80) thrown at [D:\re\workspace\8-2-build-windows-amd64-cygwin\jdk8u92\6642\hotspot\src\share\vm\interpreter\linkResolver.cpp, line 1178]
Event: 1.266 Thread 0x000000000222d800 Exception <a 'java/lang/NullPointerException'> (0x00000000ec7c2c98) thrown at [D:\re\workspace\8-2-build-windows-amd64-cygwin\jdk8u92\6642\hotspot\src\share\vm\interpreter\linkResolver.cpp, line 1178]
Event: 1.267 Thread 0x000000000222d800 Exception <a 'java/lang/NullPointerException'> (0x00000000ec7cadc0) thrown at [D:\re\workspace\8-2-build-windows-amd64-cygwin\jdk8u92\6642\hotspot\src\share\vm\interpreter\linkResolver.cpp, line 1178]
Event: 1.267 Thread 0x000000000222d800 Exception <a 'java/lang/NullPointerException'> (0x00000000ec7cafd8) thrown at [D:\re\workspace\8-2-build-windows-amd64-cygwin\jdk8u92\6642\hotspot\src\share\vm\interpreter\linkResolver.cpp, line 1178]
Event: 1.267 Thread 0x000000000222d800 Exception <a 'java/lang/NullPointerException'> (0x00000000ec7cb1f0) thrown at [D:\re\workspace\8-2-build-windows-amd64-cygwin\jdk8u92\6642\hotspot\src\share\vm\interpreter\linkResolver.cpp, line 1178]
Event: 1.990 Thread 0x000000000222d800 Implicit null exception at 0x0000000002ca18af to 0x0000000002ca1af1
Event: 2.589 Thread 0x000000000222d800 Implicit null exception at 0x0000000002a29b55 to 0x0000000002a29d2d
Event: 9.028 Thread 0x000000000222d800 Exception <a 'java/lang/ClassNotFoundException': com/sun/tools/javac/api/JavacTool> (0x00000000ed17cb38) thrown at [D:\re\workspace\8-2-build-windows-amd64-cygwin\jdk8u92\6642\hotspot\src\share\vm\classfile\systemDictionary.cpp, line 210]
Event: 11.434 Thread 0x000000000222d800 Exception <a 'java/io/FileNotFoundException'> (0x00000000ebc36ce0) thrown at [D:\re\workspace\8-2-build-windows-amd64-cygwin\jdk8u92\6642\hotspot\src\share\vm\prims\jni.cpp, line 709]
Event: 11.438 Thread 0x000000000222d800 Exception <a 'java/io/FileNotFoundException'> (0x00000000ebc6a780) thrown at [D:\re\workspace\8-2-build-windows-amd64-cygwin\jdk8u92\6642\hotspot\src\share\vm\prims\jni.cpp, line 709]

Events (10 events):
Event: 11.881 loading class com/sun/tools/javac/code/Type$UndetVar$1
Event: 11.881 loading class com/sun/tools/javac/code/Type$UndetVar$1 done
Event: 11.881 loading class com/sun/tools/javac/code/Type$UndetVar$InferenceBound
Event: 11.881 loading class com/sun/tools/javac/code/Type$UndetVar$InferenceBound done
Event: 11.882 loading class com/sun/tools/javac/code/Type$UndetVar$UndetVarListener
Event: 11.882 loading class com/sun/tools/javac/code/Type$UndetVar$UndetVarListener done
Event: 11.882 loading class com/sun/tools/javac/code/Type$UndetVar$InferenceBound$1
Event: 11.882 loading class com/sun/tools/javac/code/Type$UndetVar$InferenceBound$1 done
Event: 11.882 loading class com/sun/tools/javac/code/Type$UndetVar$InferenceBound$2
Event: 11.882 loading class com/sun/tools/javac/code/Type$UndetVar$InferenceBound$2 done


Dynamic libraries:
0x00007ff773370000 - 0x00007ff7733a7000 	C:\Java\jdk8u92\bin\java.exe
0x00007ff9a2680000 - 0x00007ff9a2842000 	C:\Windows\SYSTEM32\ntdll.dll
0x00007ff9a2520000 - 0x00007ff9a25cd000 	C:\Windows\system32\KERNEL32.DLL
0x00007ff99fb00000 - 0x00007ff99fcdd000 	C:\Windows\system32\KERNELBASE.dll
0x00007ff9a23f0000 - 0x00007ff9a2496000 	C:\Windows\system32\ADVAPI32.dll
0x00007ff9a06c0000 - 0x00007ff9a075d000 	C:\Windows\system32\msvcrt.dll
0x00007ff9a2330000 - 0x00007ff9a238b000 	C:\Windows\system32\sechost.dll
0x00007ff9a0590000 - 0x00007ff9a06b6000 	C:\Windows\system32\RPCRT4.dll
0x00007ff9a0a20000 - 0x00007ff9a0b6e000 	C:\Windows\system32\USER32.dll
0x00007ff9a0c60000 - 0x00007ff9a0de4000 	C:\Windows\system32\GDI32.dll
0x00007ff994ab0000 - 0x00007ff994d24000 	C:\Windows\WinSxS\amd64_microsoft.windows.common-controls_6595b64144ccf1df_6.0.10240.17184_none_f41d7a705752bce6\COMCTL32.dll
0x00007ff9a01d0000 - 0x00007ff9a0206000 	C:\Windows\system32\IMM32.DLL
0x00007ff9a0760000 - 0x00007ff9a08bc000 	C:\Windows\system32\MSCTF.dll
0x0000000052dd0000 - 0x0000000052ea2000 	C:\Java\jdk8u92\jre\bin\msvcr100.dll
0x0000000052eb0000 - 0x0000000053746000 	C:\Java\jdk8u92\jre\bin\server\jvm.dll
0x00007ff9a0a10000 - 0x00007ff9a0a18000 	C:\Windows\system32\PSAPI.DLL
0x00007ff99d6b0000 - 0x00007ff99d6b9000 	C:\Windows\SYSTEM32\WSOCK32.dll
0x00007ff99ced0000 - 0x00007ff99cef3000 	C:\Windows\SYSTEM32\WINMM.dll
0x00007ff9962d0000 - 0x00007ff9962da000 	C:\Windows\SYSTEM32\VERSION.dll
0x00007ff9a0b70000 - 0x00007ff9a0bd9000 	C:\Windows\system32\WS2_32.dll
0x00007ff9a0c50000 - 0x00007ff9a0c58000 	C:\Windows\system32\NSI.dll
0x0000000002090000 - 0x00000000020bc000 	C:\Windows\SYSTEM32\WINMMBASE.dll
0x00007ff99fab0000 - 0x00007ff99faf4000 	C:\Windows\system32\cfgmgr32.dll
0x00007ff99d980000 - 0x00007ff99d9a7000 	C:\Windows\SYSTEM32\DEVOBJ.dll
0x0000000053ee0000 - 0x0000000053eef000 	C:\Java\jdk8u92\jre\bin\verify.dll
0x0000000053eb0000 - 0x0000000053ed9000 	C:\Java\jdk8u92\jre\bin\java.dll
0x0000000053e90000 - 0x0000000053ea6000 	C:\Java\jdk8u92\jre\bin\zip.dll
0x00007ff9a0e00000 - 0x00007ff9a2323000 	C:\Windows\system32\SHELL32.dll
0x00007ff99f3c0000 - 0x00007ff99f9e9000 	C:\Windows\system32\windows.storage.dll
0x00007ff99fda0000 - 0x00007ff9a001c000 	C:\Windows\system32\combase.dll
0x00007ff99fd40000 - 0x00007ff99fd91000 	C:\Windows\system32\shlwapi.dll
0x00007ff99f110000 - 0x00007ff99f11f000 	C:\Windows\system32\kernel.appcore.dll
0x00007ff99f9f0000 - 0x00007ff99faa3000 	C:\Windows\system32\shcore.dll
0x00007ff99f0c0000 - 0x00007ff99f10a000 	C:\Windows\system32\powrprof.dll
0x00007ff99f0a0000 - 0x00007ff99f0b3000 	C:\Windows\system32\profapi.dll
0x00007ff99d6e0000 - 0x00007ff99d6ea000 	C:\Java\NetBeans12\netbeans\java\maven\lib\jansi-native\windows64\jansi.dll
0x0000000052db0000 - 0x0000000052dca000 	C:\Java\jdk8u92\jre\bin\net.dll
0x00007ff99e8b0000 - 0x00007ff99e90d000 	C:\Windows\system32\mswsock.dll
0x0000000052d90000 - 0x0000000052da1000 	C:\Java\jdk8u92\jre\bin\nio.dll

VM Arguments:
jvm_args: -Dclassworlds.conf=C:\Java\NetBeans12\netbeans\java\maven\bin\..\bin\m2.conf -Dmaven.home=C:\Java\NetBeans12\netbeans\java\maven\bin\.. -Dlibrary.jansi.path=C:\Java\NetBeans12\netbeans\java\maven\bin\..\lib\jansi-native -Dmaven.multiModuleProjectDirectory=D:\JH-DASH\others\SCH0252Q 
java_command: org.codehaus.plexus.classworlds.launcher.Launcher -Dmaven.ext.class.path=C:\Java\NetBeans12\netbeans\java\maven-nblib\netbeans-eventspy.jar clean install
java_class_path (initial): C:\Java\NetBeans12\netbeans\java\maven\bin\..\boot\plexus-classworlds-2.6.0.jar
Launcher Type: SUN_STANDARD

Environment Variables:
JAVA_HOME=C:\Java\jdk8u92
CLASSPATH=C:\Ora9iDS2\jlib\bigraphbean.jar;C:\Ora9iDS2\jlib\LW_PfjBean.jar;C:\Ora9iDS2\jlib\bigraphbean-nls.zip
PATH=C:\Java\jdk8u92\bin;C:\apache-maven-3.6.3\bin;C:\ProgramData\Oracle\Java\javapath;C:\Users\jay\AppData\Roaming\npm;C:\Program Files (x86)\Common Files\NetSarang;C:\app\client\product\12.1.0\client_1\bin;C:\orant\bin;C:\Ora9iDS2\jdk\jre\bin\classic;C:\Ora9iDS2\jdk\jre\bin;C:\Ora9iDS2\bin;C:\Ora9iDS2\jlib;C:\Program Files (x86)\Oracle\jre\1.1.8\bin;C:\Program Files (x86)\Oracle\jre\1.3.1\bin;C:\Ora10gR2\jdk\jre\bin\classic;C:\Ora10gR2\jdk\jre\bin;C:\Ora10gR2\jdk\jre\bin\client;C:\Ora10gR2\jlib;C:\Ora10gR2\bin;C:\Ora10gR2\jre\1.4.2\bin\client;C:\Ora10gR2\jre\1.4.2\bin;C:\Program Files (x86)\Intel\iCLS Client\;C:\Program Files\Intel\iCLS Client\;C:\Windows\system32;C:\Windows;C:\Windows\System32\Wbem;C:\Windows\System32\WindowsPowerShell\v1.0\;C:\Program Files (x86)\Intel\Intel(R) Management Engine Components\DAL;C:\Program Files\Intel\Intel(R) Management Engine Components\DAL;C:\Program Files (x86)\Intel\Intel(R) Management Engine Components\IPT;C:\Program Files\Intel\Intel(R) Management Engine Components\IPT;C:\Program Files\EmEditor;C:\orant\jdk\bin;C:\Program Files (x86)\Skype\Phone\;C:\Program Files\nodejs\;;C:\Users\jay\AppData\Local\Programs\Microsoft VS Code\bin
USERNAME=jay
OS=Windows_NT
PROCESSOR_IDENTIFIER=Intel64 Family 6 Model 58 Stepping 9, GenuineIntel



---------------  S Y S T E M  ---------------

OS: Windows 10.0 , 64 bit Build 10240 (10.0.10240.17113)

CPU:total 4 (4 cores per cpu, 1 threads per core) family 6 model 58 stepping 9, cmov, cx8, fxsr, mmx, sse, sse2, sse3, ssse3, sse4.1, sse4.2, popcnt, avx, aes, clmul, erms, tsc, tscinvbit, tscinv

Memory: 4k page, physical 4053924k(312040k free), swap 8248228k(5600k free)

vm_info: Java HotSpot(TM) 64-Bit Server VM (25.92-b14) for windows-amd64 JRE (1.8.0_92-b14), built on Mar 31 2016 21:03:04 by "java_re" with MS VC++ 10.0 (VS2010)

time: Thu Jan 05 16:30:48 2023
elapsed time: 11 seconds (0d 0h 0m 11s)

